2023-10-18 18:11:27 INFO  MainJFrame:44 - Nhân viên: NghiemN đăng nhập hệ thống!
2023-10-18 19:21:17 INFO  MainJFrame:44 - Nhan vien: NghiemN was login!
2023-10-18 19:34:51 INFO  MainJFrame:44 - Nhan vien: NghiemN was login!
2023-10-18 19:59:19 INFO  MainJFrame:44 - Nhan vien: NghiemN was login!
2023-10-18 20:24:55 INFO  MainJFrame:44 - Nhan vien: NghiemN was login!
2023-10-18 20:26:26 INFO  MainJFrame:44 - Nhan vien: NghiemN was login!
2023-10-18 20:31:01 INFO  MainJFrame:44 - Nhan vien: NghiemN was login!
2023-10-18 20:32:51 INFO  MainJFrame:44 - Nhan vien: NghiemN was login!
2023-10-18 20:37:19 INFO  MainJFrame:44 - Nhan vien: NghiemN was login!
2023-10-18 20:42:49 INFO  MainJFrame:44 - Nhan vien: NghiemN was login!
2023-10-18 20:44:18 INFO  MainJFrame:44 - Nhan vien: NghiemN was login!
2023-10-18 20:46:11 INFO  MainJFrame:44 - Nhan vien: NghiemN was login!
2023-10-18 20:57:25 INFO  MainJFrame:44 - Nhan vien: NghiemN was login!
2023-10-18 21:02:52 INFO  MainJFrame:44 - Nhan vien: NghiemN was login!
2023-10-18 21:09:11 INFO  MainJFrame:44 - Nhan vien: NghiemN was login!
2023-10-18 21:09:55 INFO  MainJFrame:167 - A new employee was added by NghiemN
2023-10-18 21:33:56 INFO  MainJFrame:44 - Nhan vien: NghiemN was login!
2023-10-18 21:35:20 INFO  MainJFrame:44 - Nhan vien: NghiemN was login!
2023-10-18 21:36:38 INFO  MainJFrame:44 - Nhan vien: NghiemN was login!
2023-10-18 21:45:41 INFO  MainJFrame:44 - Nhan vien: NghiemN was login!
2023-10-18 21:49:23 INFO  MainJFrame:44 - Nhan vien: NghiemN was login!
2023-10-18 21:50:42 INFO  MainJFrame:44 - Nhan vien: NghiemN was login!
2023-10-18 21:53:05 INFO  MainJFrame:44 - Nhan vien: NghiemN was login!
2023-10-18 21:54:23 INFO  MainJFrame:44 - Nhan vien: NghiemN was login!
2023-10-18 21:56:14 INFO  MainJFrame:44 - Nhan vien: NghiemN was login!
2023-10-18 21:57:39 INFO  MainJFrame:44 - Nhan vien: NghiemN was login!
2023-10-18 22:06:56 INFO  MainJFrame:44 - Nhan vien: NghiemN was login!
2023-10-18 22:20:13 INFO  MainJFrame:44 - Nhan vien: NghiemN was login!
2023-10-18 22:28:29 INFO  MainJFrame:44 - Nhan vien: NghiemN was login!
2023-10-18 22:35:04 INFO  MainJFrame:44 - Nhan vien: NghiemN was login!
2023-10-18 22:37:52 INFO  MainJFrame:44 - Nhan vien: NghiemN was login!
2023-10-18 22:50:03 INFO  MainJFrame:44 - Nhan vien: DTNhan was login!
2023-10-18 22:51:54 INFO  MainJFrame:44 - Nhan vien: DTNhan was login!
2023-10-18 22:56:37 INFO  MainJFrame:44 - Nhan vien: NghiemN was login!
2023-10-18 23:02:16 INFO  MainJFrame:66 - Nhan vien: DTNhan was login!
2023-10-18 23:04:01 INFO  MainJFrame:44 - Nhan vien: DTNhan was login!
2023-10-18 23:04:17 INFO  MainJFrame:66 - Nhan vien: LongNDH was login!
2023-10-18 23:06:40 INFO  MainJFrame:44 - Nhan vien: NghiemN was login!
2023-10-18 23:07:24 INFO  MainJFrame:66 - Nhan vien: NghiemN was login!
2023-10-18 23:08:00 INFO  MainJFrame:66 - Nhan vien: DTNhan was login!
2023-10-18 23:14:24 INFO  MainJFrame:44 - Nhan vien: NghiemN was login!
2023-10-18 23:50:28 INFO  MainJFrame:44 - Nhan vien: NghiemN was login!
2023-10-18 23:53:22 INFO  MainJFrame:44 - Nhan vien: NghiemN was login!
2023-10-18 23:53:44 INFO  MainJFrame:457 - Export file NguoiHoc successful!
2023-10-18 23:55:46 INFO  MainJFrame:44 - Nhan vien: NghiemN was login!
2023-10-18 23:56:27 INFO  MainJFrame:445 - Export file BangDiem successful!
2023-10-18 23:56:55 INFO  MainJFrame:457 - Export file NguoiHoc successful!
2023-10-18 23:58:43 INFO  MainJFrame:44 - Nhan vien: NghiemN was login!
2023-10-19 00:02:49 INFO  MainJFrame:44 - Nhan vien: NghiemN was login!
2023-10-19 00:06:03 INFO  MainJFrame:44 - Nhan vien: NghiemN was login!
2023-10-19 00:06:36 INFO  MainJFrame:457 - Export file NguoiHoc successful!
2023-10-19 00:07:06 INFO  MainJFrame:457 - Export file NguoiHoc successful!
2023-10-19 00:51:41 INFO  MainJFrame:44 - Nhan vien: NghiemN was login!
2023-10-19 00:53:04 INFO  MainJFrame:44 - Nhan vien: NghiemN was login!
2023-10-19 00:55:22 INFO  MainJFrame:44 - Nhan vien: NghiemN was login!
2023-10-19 00:57:21 INFO  MainJFrame:44 - Nhan vien: NghiemN was login!
2023-10-19 00:57:42 INFO  MainJFrame:474 - Export file DiemChuyenDe successful!
2023-10-19 00:58:02 INFO  MainJFrame:474 - Export file DiemChuyenDe successful!
2023-10-19 01:33:32 INFO  MainJFrame:44 - Nhan vien: NghiemN was login!
2023-10-19 01:36:34 INFO  MainJFrame:44 - Nhan vien: NghiemN was login!
2023-10-19 01:36:51 INFO  MainJFrame:491 - Export file DoanhThu successful!
2023-10-19 01:39:04 INFO  MainJFrame:44 - Nhan vien: NghiemN was login!
2023-10-19 01:39:25 INFO  MainJFrame:491 - Export file DoanhThu successful!
2023-10-19 01:39:40 INFO  MainJFrame:491 - Export file DoanhThu successful!
2023-10-20 08:23:18 INFO  MainJFrame:44 - Nhan vien: NghiemN was login!
2023-10-20 08:28:33 INFO  MainJFrame:455 - Export file BangDiem successful!
2023-10-20 08:30:22 INFO  MainJFrame:169 - A new employee was added by NghiemN
2023-10-20 08:45:06 INFO  MainJFrame:44 - Nhan vien: NghiemN was login!
2023-10-20 08:47:12 ERROR MainJFrame:282 - A record was duplicated!
2023-10-20 08:49:37 INFO  MainJFrame:44 - Nhan vien: NghiemN was login!
2023-10-20 08:51:09 INFO  MainJFrame:44 - Nhan vien: NghiemN was login!
2023-10-20 08:51:24 ERROR MainJFrame:282 - A record was duplicated!
2023-10-20 08:54:16 INFO  MainJFrame:44 - Nhan vien: NghiemN was login!
2023-10-20 08:54:53 ERROR MainJFrame:282 - Maybe records were duplicated!
2023-10-20 08:55:28 ERROR MainJFrame:282 - Maybe records were duplicated!
2023-10-20 09:02:40 INFO  MainJFrame:44 - Nhan vien: NghiemN was login!
2023-10-20 09:05:33 INFO  MainJFrame:44 - Nhan vien: NghiemN was login!
2023-10-20 09:09:51 INFO  MainJFrame:44 - Nhan vien: NghiemN was login!
2023-10-20 09:10:14 ERROR MainJFrame:283 - Maybe records were duplicated!
2023-10-20 09:11:11 INFO  MainJFrame:44 - Nhan vien: NghiemN was login!
2023-10-20 09:11:40 INFO  MainJFrame:491 - Export file DoanhThu successful!
2023-10-20 12:36:45 INFO  MainJFrame:44 - Nhan vien: NghiemN was login!
2023-10-20 12:43:20 INFO  MainJFrame:44 - Nhan vien: NghiemN was login!
2023-10-22 18:04:17 INFO  MainJFrame:44 - Nhan vien: NghiemN was login!
2023-10-22 18:06:54 INFO  MainJFrame:44 - Nhan vien: NghiemN was login!
2023-10-22 18:08:18 INFO  MainJFrame:44 - Nhan vien: NghiemN was login!
2023-10-22 18:15:11 INFO  MainJFrame:44 - Nhan vien: NghiemN was login!
2023-10-22 18:18:09 INFO  MainJFrame:44 - Nhan vien: NghiemN was login!
