#
# There is insufficient memory for the Java Runtime Environment to continue.
# Native memory allocation (malloc) failed to allocate 600704 bytes for Chunk::new
# Possible reasons:
#   The system is out of physical RAM or swap space
#   The process is running with CompressedOops enabled, and the Java Heap may be blocking the growth of the native heap
# Possible solutions:
#   Reduce memory load on the system
#   Increase physical memory or swap space
#   Check if swap backing store is full
#   Decrease Java heap size (-Xmx/-Xms)
#   Decrease number of Java threads
#   Decrease Java thread stack sizes (-Xss)
#   Set larger code cache with -XX:ReservedCodeCacheSize=
#   JVM is running with Unscaled Compressed Oops mode in which the Java heap is
#     placed in the first 4GB address space. The Java Heap base address is the
#     maximum limit for the native heap growth. Please use -XX:HeapBaseMinAddress
#     to set the Java Heap base and to place the Java Heap above 4GB virtual address.
# This output file may be truncated or incomplete.
#
#  Out of Memory Error (arena.cpp:184), pid=6948, tid=6416
#
# JRE version: Java(TM) SE Runtime Environment (19.0.1+10) (build 19.0.1+10-21)
# Java VM: Java HotSpot(TM) 64-Bit Server VM (19.0.1+10-21, mixed mode, sharing, tiered, compressed oops, compressed class ptrs, g1 gc, windows-amd64)
# No core dump will be written. Minidumps are not enabled by default on client versions of Windows
#

---------------  S U M M A R Y ------------

Command Line: -Dclassworlds.conf=C:\Program Files\NetBeans-16\netbeans\java\maven\bin\m2.conf -Dmaven.home=C:\Program Files\NetBeans-16\netbeans\java\maven -Dlibrary.jansi.path=C:\Program Files\NetBeans-16\netbeans\java\maven\lib\jansi-native -Dmaven.multiModuleProjectDirectory=D:\FPT Polytechnic\SOF2041\LAB_PROJECT\Polypro org.codehaus.plexus.classworlds.launcher.Launcher -Dexec.vmArgs= -Dexec.args=${exec.vmArgs} -classpath %classpath ${exec.mainClass} ${exec.appArgs} -Dexec.executable=C:\Program Files\Java\jdk-19\bin\java.exe -Dexec.mainClass=com.mycompany.frame.QLHocVienJDialog -Dexec.classpathScope=runtime -Dexec.appArgs= -Dmaven.ext.class.path=C:\Program Files\NetBeans-16\netbeans\java\maven-nblib\netbeans-eventspy.jar org.codehaus.mojo:exec-maven-plugin:3.0.0:exec

Host: Intel(R) Core(TM) i3 CPU       M 370  @ 2.40GHz, 4 cores, 3G,  Windows 10 , 64 bit Build 19041 (10.0.19041.1202)
Time: Sat Oct  7 00:13:43 2023 SE Asia Standard Time elapsed time: 5.756588 seconds (0d 0h 0m 5s)

---------------  T H R E A D  ---------------

Current thread (0x00000227e07fc000):  JavaThread "C2 CompilerThread0" daemon [_thread_in_native, id=6416, stack(0x0000008044c00000,0x0000008044d00000)]


Current CompileTask:
C2:   5757 1012   !   4       sun.nio.cs.StreamDecoder::read (78 bytes)

Stack: [0x0000008044c00000,0x0000008044d00000]
Native frames: (J=compiled Java code, j=interpreted, Vv=VM code, C=native code)
V  [jvm.dll+0x6ee8fa]
V  [jvm.dll+0x857a1e]
V  [jvm.dll+0x85940e]
V  [jvm.dll+0x859ac3]
V  [jvm.dll+0x28291f]
V  [jvm.dll+0xc9b5f]
V  [jvm.dll+0xc9ee5]
V  [jvm.dll+0x3bcbac]
V  [jvm.dll+0x1ee12a]
V  [jvm.dll+0x24c41b]
V  [jvm.dll+0x24b671]
V  [jvm.dll+0x1d6d61]
V  [jvm.dll+0x25b0fa]
V  [jvm.dll+0x259588]
V  [jvm.dll+0x807928]
V  [jvm.dll+0x8015fa]
V  [jvm.dll+0x6ed5eb]
C  [ucrtbase.dll+0x21bb2]
C  [KERNEL32.DLL+0x17034]
C  [ntdll.dll+0x52651]


---------------  P R O C E S S  ---------------

Threads class SMR info:
_java_thread_list=0x00000227e5237520, length=13, elements={
0x00000227c51fd700, 0x00000227e07eff70, 0x00000227e07f3a70, 0x00000227e07f6430,
0x00000227e07fa140, 0x00000227e07faa70, 0x00000227e07fb3a0, 0x00000227e07fc000,
0x00000227e08424b0, 0x00000227e0868200, 0x00000227e4c63c40, 0x00000227e4c6f250,
0x00000227e5236dd0
}

Java Threads: ( => current thread )
  0x00000227c51fd700 JavaThread "main" [_thread_in_vm, id=8496, stack(0x0000008043f00000,0x0000008044000000)]
  0x00000227e07eff70 JavaThread "Reference Handler" daemon [_thread_blocked, id=5188, stack(0x0000008044600000,0x0000008044700000)]
  0x00000227e07f3a70 JavaThread "Finalizer" daemon [_thread_blocked, id=10036, stack(0x0000008044700000,0x0000008044800000)]
  0x00000227e07f6430 JavaThread "Signal Dispatcher" daemon [_thread_blocked, id=1828, stack(0x0000008044800000,0x0000008044900000)]
  0x00000227e07fa140 JavaThread "Attach Listener" daemon [_thread_blocked, id=1440, stack(0x0000008044900000,0x0000008044a00000)]
  0x00000227e07faa70 JavaThread "Service Thread" daemon [_thread_blocked, id=5852, stack(0x0000008044a00000,0x0000008044b00000)]
  0x00000227e07fb3a0 JavaThread "Monitor Deflation Thread" daemon [_thread_blocked, id=4600, stack(0x0000008044b00000,0x0000008044c00000)]
=>0x00000227e07fc000 JavaThread "C2 CompilerThread0" daemon [_thread_in_native, id=6416, stack(0x0000008044c00000,0x0000008044d00000)]
  0x00000227e08424b0 JavaThread "C1 CompilerThread0" daemon [_thread_blocked, id=10080, stack(0x0000008044d00000,0x0000008044e00000)]
  0x00000227e0868200 JavaThread "Sweeper thread" daemon [_thread_blocked, id=2440, stack(0x0000008044e00000,0x0000008044f00000)]
  0x00000227e4c63c40 JavaThread "Notification Thread" daemon [_thread_blocked, id=6548, stack(0x0000008044f00000,0x0000008045000000)]
  0x00000227e4c6f250 JavaThread "Common-Cleaner" daemon [_thread_blocked, id=10588, stack(0x0000008045100000,0x0000008045200000)]
  0x00000227e5236dd0 JavaThread "C2 CompilerThread1" daemon [_thread_in_native, id=3360, stack(0x0000008045500000,0x0000008045600000)]

Other Threads:
  0x00000227c52ba870 VMThread "VM Thread" [stack: 0x0000008044500000,0x0000008044600000] [id=2500]
  0x00000227e4c685b0 WatcherThread "VM Periodic Task Thread" [stack: 0x0000008045000000,0x0000008045100000] [id=10920]
  0x00000227c5240300 WorkerThread "GC Thread#0" [stack: 0x0000008044000000,0x0000008044100000] [id=5480]
  0x00000227e4d06010 WorkerThread "GC Thread#1" [stack: 0x0000008045200000,0x0000008045300000] [id=8952]
  0x00000227e5629c70 WorkerThread "GC Thread#2" [stack: 0x0000008045300000,0x0000008045400000] [id=9904]
  0x00000227e503a4f0 WorkerThread "GC Thread#3" [stack: 0x0000008045400000,0x0000008045500000] [id=8932]
  0x00000227c524a710 ConcurrentGCThread "G1 Main Marker" [stack: 0x0000008044100000,0x0000008044200000] [id=8088]
  0x00000227c524b1f0 WorkerThread "G1 Conc#0" [stack: 0x0000008044200000,0x0000008044300000] [id=9316]
  0x00000227c529c900 ConcurrentGCThread "G1 Refine#0" [stack: 0x0000008044300000,0x0000008044400000] [id=6704]
  0x00000227c529d350 ConcurrentGCThread "G1 Service" [stack: 0x0000008044400000,0x0000008044500000] [id=7276]

Threads with active compile tasks:
C2 CompilerThread0     5874 1012   !   4       sun.nio.cs.StreamDecoder::read (78 bytes)
C2 CompilerThread1     5874 1013       4       sun.nio.cs.StreamDecoder::lockedRead (189 bytes)

VM state: not at safepoint (normal execution)

VM Mutex/Monitor currently owned by a thread: None

Heap address: 0x00000000c5400000, size: 940 MB, Compressed Oops mode: 32-bit

CDS archive(s) mapped at: [0x0000000800000000-0x0000000800c40000-0x0000000800c40000), size 12845056, SharedBaseAddress: 0x0000000800000000, ArchiveRelocationMode: 0.
Compressed class space mapped at: 0x0000000801000000-0x0000000841000000, reserved size: 1073741824
Narrow klass base: 0x0000000800000000, Narrow klass shift: 0, Narrow klass range: 0x100000000

GC Precious Log:
 CardTable entry size: 512
 Card Set container configuration: InlinePtr #cards 5 size 8 Array Of Cards #cards 12 size 40 Howl #buckets 4 coarsen threshold 1843 Howl Bitmap #cards 512 size 80 coarsen threshold 460 Card regions per heap region 1 cards per card region 2048
 CPUs: 4 total, 4 available
 Memory: 3758M
 Large Page Support: Disabled
 NUMA Support: Disabled
 Compressed Oops: Enabled (32-bit)
 Heap Region Size: 1M
 Heap Min Capacity: 8M
 Heap Initial Capacity: 60M
 Heap Max Capacity: 940M
 Pre-touch: Disabled
 Parallel Workers: 4
 Concurrent Workers: 1
 Concurrent Refinement Workers: 4
 Periodic GC: Disabled

Heap:
 garbage-first heap   total 61440K, used 7184K [0x00000000c5400000, 0x0000000100000000)
  region size 1024K, 7 young (7168K), 2 survivors (2048K)
 Metaspace       used 4841K, committed 4992K, reserved 1114112K
  class space    used 532K, committed 640K, reserved 1048576K

Heap Regions: E=young(eden), S=young(survivor), O=old, HS=humongous(starts), HC=humongous(continues), CS=collection set, F=free, OA=open archive, CA=closed archive, TAMS=top-at-mark-start (previous, next)
|   0|0x00000000c5400000, 0x00000000c5500000, 0x00000000c5500000|100%| O|  |TAMS 0x00000000c5400000, 0x00000000c5400000| Untracked 
|   1|0x00000000c5500000, 0x00000000c5504000, 0x00000000c5600000|  1%| O|  |TAMS 0x00000000c5500000, 0x00000000c5500000| Untracked 
|   2|0x00000000c5600000, 0x00000000c5600000, 0x00000000c5700000|  0%| F|  |TAMS 0x00000000c5600000, 0x00000000c5600000| Untracked 
|   3|0x00000000c5700000, 0x00000000c5700000, 0x00000000c5800000|  0%| F|  |TAMS 0x00000000c5700000, 0x00000000c5700000| Untracked 
|   4|0x00000000c5800000, 0x00000000c5800000, 0x00000000c5900000|  0%| F|  |TAMS 0x00000000c5800000, 0x00000000c5800000| Untracked 
|   5|0x00000000c5900000, 0x00000000c5900000, 0x00000000c5a00000|  0%| F|  |TAMS 0x00000000c5900000, 0x00000000c5900000| Untracked 
|   6|0x00000000c5a00000, 0x00000000c5a00000, 0x00000000c5b00000|  0%| F|  |TAMS 0x00000000c5a00000, 0x00000000c5a00000| Untracked 
|   7|0x00000000c5b00000, 0x00000000c5b00000, 0x00000000c5c00000|  0%| F|  |TAMS 0x00000000c5b00000, 0x00000000c5b00000| Untracked 
|   8|0x00000000c5c00000, 0x00000000c5c00000, 0x00000000c5d00000|  0%| F|  |TAMS 0x00000000c5c00000, 0x00000000c5c00000| Untracked 
|   9|0x00000000c5d00000, 0x00000000c5d00000, 0x00000000c5e00000|  0%| F|  |TAMS 0x00000000c5d00000, 0x00000000c5d00000| Untracked 
|  10|0x00000000c5e00000, 0x00000000c5e00000, 0x00000000c5f00000|  0%| F|  |TAMS 0x00000000c5e00000, 0x00000000c5e00000| Untracked 
|  11|0x00000000c5f00000, 0x00000000c5f00000, 0x00000000c6000000|  0%| F|  |TAMS 0x00000000c5f00000, 0x00000000c5f00000| Untracked 
|  12|0x00000000c6000000, 0x00000000c6000000, 0x00000000c6100000|  0%| F|  |TAMS 0x00000000c6000000, 0x00000000c6000000| Untracked 
|  13|0x00000000c6100000, 0x00000000c6100000, 0x00000000c6200000|  0%| F|  |TAMS 0x00000000c6100000, 0x00000000c6100000| Untracked 
|  14|0x00000000c6200000, 0x00000000c6200000, 0x00000000c6300000|  0%| F|  |TAMS 0x00000000c6200000, 0x00000000c6200000| Untracked 
|  15|0x00000000c6300000, 0x00000000c6300000, 0x00000000c6400000|  0%| F|  |TAMS 0x00000000c6300000, 0x00000000c6300000| Untracked 
|  16|0x00000000c6400000, 0x00000000c6400000, 0x00000000c6500000|  0%| F|  |TAMS 0x00000000c6400000, 0x00000000c6400000| Untracked 
|  17|0x00000000c6500000, 0x00000000c6500000, 0x00000000c6600000|  0%| F|  |TAMS 0x00000000c6500000, 0x00000000c6500000| Untracked 
|  18|0x00000000c6600000, 0x00000000c6600000, 0x00000000c6700000|  0%| F|  |TAMS 0x00000000c6600000, 0x00000000c6600000| Untracked 
|  19|0x00000000c6700000, 0x00000000c6700000, 0x00000000c6800000|  0%| F|  |TAMS 0x00000000c6700000, 0x00000000c6700000| Untracked 
|  20|0x00000000c6800000, 0x00000000c6800000, 0x00000000c6900000|  0%| F|  |TAMS 0x00000000c6800000, 0x00000000c6800000| Untracked 
|  21|0x00000000c6900000, 0x00000000c6900000, 0x00000000c6a00000|  0%| F|  |TAMS 0x00000000c6900000, 0x00000000c6900000| Untracked 
|  22|0x00000000c6a00000, 0x00000000c6a00000, 0x00000000c6b00000|  0%| F|  |TAMS 0x00000000c6a00000, 0x00000000c6a00000| Untracked 
|  23|0x00000000c6b00000, 0x00000000c6b00000, 0x00000000c6c00000|  0%| F|  |TAMS 0x00000000c6b00000, 0x00000000c6b00000| Untracked 
|  24|0x00000000c6c00000, 0x00000000c6c00000, 0x00000000c6d00000|  0%| F|  |TAMS 0x00000000c6c00000, 0x00000000c6c00000| Untracked 
|  25|0x00000000c6d00000, 0x00000000c6d00000, 0x00000000c6e00000|  0%| F|  |TAMS 0x00000000c6d00000, 0x00000000c6d00000| Untracked 
|  26|0x00000000c6e00000, 0x00000000c6e00000, 0x00000000c6f00000|  0%| F|  |TAMS 0x00000000c6e00000, 0x00000000c6e00000| Untracked 
|  27|0x00000000c6f00000, 0x00000000c6f00000, 0x00000000c7000000|  0%| F|  |TAMS 0x00000000c6f00000, 0x00000000c6f00000| Untracked 
|  28|0x00000000c7000000, 0x00000000c7000000, 0x00000000c7100000|  0%| F|  |TAMS 0x00000000c7000000, 0x00000000c7000000| Untracked 
|  29|0x00000000c7100000, 0x00000000c7100000, 0x00000000c7200000|  0%| F|  |TAMS 0x00000000c7100000, 0x00000000c7100000| Untracked 
|  30|0x00000000c7200000, 0x00000000c7200000, 0x00000000c7300000|  0%| F|  |TAMS 0x00000000c7200000, 0x00000000c7200000| Untracked 
|  31|0x00000000c7300000, 0x00000000c7300000, 0x00000000c7400000|  0%| F|  |TAMS 0x00000000c7300000, 0x00000000c7300000| Untracked 
|  32|0x00000000c7400000, 0x00000000c7400000, 0x00000000c7500000|  0%| F|  |TAMS 0x00000000c7400000, 0x00000000c7400000| Untracked 
|  33|0x00000000c7500000, 0x00000000c7500000, 0x00000000c7600000|  0%| F|  |TAMS 0x00000000c7500000, 0x00000000c7500000| Untracked 
|  34|0x00000000c7600000, 0x00000000c7600000, 0x00000000c7700000|  0%| F|  |TAMS 0x00000000c7600000, 0x00000000c7600000| Untracked 
|  35|0x00000000c7700000, 0x00000000c7700000, 0x00000000c7800000|  0%| F|  |TAMS 0x00000000c7700000, 0x00000000c7700000| Untracked 
|  36|0x00000000c7800000, 0x00000000c7800000, 0x00000000c7900000|  0%| F|  |TAMS 0x00000000c7800000, 0x00000000c7800000| Untracked 
|  37|0x00000000c7900000, 0x00000000c7900000, 0x00000000c7a00000|  0%| F|  |TAMS 0x00000000c7900000, 0x00000000c7900000| Untracked 
|  38|0x00000000c7a00000, 0x00000000c7a00000, 0x00000000c7b00000|  0%| F|  |TAMS 0x00000000c7a00000, 0x00000000c7a00000| Untracked 
|  39|0x00000000c7b00000, 0x00000000c7b00000, 0x00000000c7c00000|  0%| F|  |TAMS 0x00000000c7b00000, 0x00000000c7b00000| Untracked 
|  40|0x00000000c7c00000, 0x00000000c7c00000, 0x00000000c7d00000|  0%| F|  |TAMS 0x00000000c7c00000, 0x00000000c7c00000| Untracked 
|  41|0x00000000c7d00000, 0x00000000c7d00000, 0x00000000c7e00000|  0%| F|  |TAMS 0x00000000c7d00000, 0x00000000c7d00000| Untracked 
|  42|0x00000000c7e00000, 0x00000000c7e00000, 0x00000000c7f00000|  0%| F|  |TAMS 0x00000000c7e00000, 0x00000000c7e00000| Untracked 
|  43|0x00000000c7f00000, 0x00000000c7f00000, 0x00000000c8000000|  0%| F|  |TAMS 0x00000000c7f00000, 0x00000000c7f00000| Untracked 
|  44|0x00000000c8000000, 0x00000000c8000000, 0x00000000c8100000|  0%| F|  |TAMS 0x00000000c8000000, 0x00000000c8000000| Untracked 
|  45|0x00000000c8100000, 0x00000000c8200000, 0x00000000c8200000|100%| S|CS|TAMS 0x00000000c8100000, 0x00000000c8100000| Complete 
|  46|0x00000000c8200000, 0x00000000c8300000, 0x00000000c8300000|100%| S|CS|TAMS 0x00000000c8200000, 0x00000000c8200000| Complete 
|  47|0x00000000c8300000, 0x00000000c8300000, 0x00000000c8400000|  0%| F|  |TAMS 0x00000000c8300000, 0x00000000c8300000| Untracked 
|  48|0x00000000c8400000, 0x00000000c8400000, 0x00000000c8500000|  0%| F|  |TAMS 0x00000000c8400000, 0x00000000c8400000| Untracked 
|  49|0x00000000c8500000, 0x00000000c8500000, 0x00000000c8600000|  0%| F|  |TAMS 0x00000000c8500000, 0x00000000c8500000| Untracked 
|  50|0x00000000c8600000, 0x00000000c8600000, 0x00000000c8700000|  0%| F|  |TAMS 0x00000000c8600000, 0x00000000c8600000| Untracked 
|  51|0x00000000c8700000, 0x00000000c8700000, 0x00000000c8800000|  0%| F|  |TAMS 0x00000000c8700000, 0x00000000c8700000| Untracked 
|  52|0x00000000c8800000, 0x00000000c8800000, 0x00000000c8900000|  0%| F|  |TAMS 0x00000000c8800000, 0x00000000c8800000| Untracked 
|  53|0x00000000c8900000, 0x00000000c8900000, 0x00000000c8a00000|  0%| F|  |TAMS 0x00000000c8900000, 0x00000000c8900000| Untracked 
|  54|0x00000000c8a00000, 0x00000000c8a00000, 0x00000000c8b00000|  0%| F|  |TAMS 0x00000000c8a00000, 0x00000000c8a00000| Untracked 
|  55|0x00000000c8b00000, 0x00000000c8c00000, 0x00000000c8c00000|100%| E|  |TAMS 0x00000000c8b00000, 0x00000000c8b00000| Complete 
|  56|0x00000000c8c00000, 0x00000000c8d00000, 0x00000000c8d00000|100%| E|CS|TAMS 0x00000000c8c00000, 0x00000000c8c00000| Complete 
|  57|0x00000000c8d00000, 0x00000000c8e00000, 0x00000000c8e00000|100%| E|CS|TAMS 0x00000000c8d00000, 0x00000000c8d00000| Complete 
|  58|0x00000000c8e00000, 0x00000000c8f00000, 0x00000000c8f00000|100%| E|CS|TAMS 0x00000000c8e00000, 0x00000000c8e00000| Complete 
|  59|0x00000000c8f00000, 0x00000000c9000000, 0x00000000c9000000|100%| E|CS|TAMS 0x00000000c8f00000, 0x00000000c8f00000| Complete 

Card table byte_map: [0x00000227dc170000,0x00000227dc350000] _byte_map_base: 0x00000227dbb46000

Marking Bits (Prev, Next): (CMBitMap*) 0x00000227c5242860, (CMBitMap*) 0x00000227c52428a0
 Prev Bits: [0x00000227dc530000, 0x00000227dd3e0000)
 Next Bits: [0x00000227dd3e0000, 0x00000227de290000)

Polling page: 0x00000227c3090000

Metaspace:

Usage:
  Non-class:      4.21 MB used.
      Class:    533.92 KB used.
       Both:      4.73 MB used.

Virtual space:
  Non-class space:       64.00 MB reserved,       4.31 MB (  7%) committed,  1 nodes.
      Class space:        1.00 GB reserved,     640.00 KB ( <1%) committed,  1 nodes.
             Both:        1.06 GB reserved,       4.94 MB ( <1%) committed. 

Chunk freelists:
   Non-Class:  1.45 MB
       Class:  3.34 MB
        Both:  4.80 MB

MaxMetaspaceSize: unlimited
CompressedClassSpaceSize: 1.00 GB
Initial GC threshold: 21.00 MB
Current GC threshold: 21.00 MB
CDS: on
MetaspaceReclaimPolicy: balanced
 - commit_granule_bytes: 65536.
 - commit_granule_words: 8192.
 - virtual_space_node_default_size: 8388608.
 - enlarge_chunks_in_place: 1.
 - new_chunks_are_fully_committed: 0.
 - uncommit_free_chunks: 1.
 - use_allocation_guard: 0.


Internal statistics:

num_allocs_failed_limit: 0.
num_arena_births: 34.
num_arena_deaths: 0.
num_vsnodes_births: 2.
num_vsnodes_deaths: 0.
num_space_committed: 79.
num_space_uncommitted: 0.
num_chunks_returned_to_freelist: 0.
num_chunks_taken_from_freelist: 160.
num_chunk_merges: 0.
num_chunk_splits: 119.
num_chunks_enlarged: 101.
num_inconsistent_stats: 0.

CodeHeap 'non-profiled nmethods': size=120000Kb used=283Kb max_used=283Kb free=119716Kb
 bounds [0x00000227d4c40000, 0x00000227d4eb0000, 0x00000227dc170000]
CodeHeap 'profiled nmethods': size=120000Kb used=2083Kb max_used=2083Kb free=117916Kb
 bounds [0x00000227cd170000, 0x00000227cd3e0000, 0x00000227d46a0000]
CodeHeap 'non-nmethods': size=5760Kb used=1234Kb max_used=1248Kb free=4525Kb
 bounds [0x00000227d46a0000, 0x00000227d4910000, 0x00000227d4c40000]
 total_blobs=1474 nmethods=1029 adapters=357
 compilation: enabled
              stopped_count=0, restarted_count=0
 full_count=0

Compilation events (20 events):
Event: 5.471 Thread 0x00000227e08424b0 nmethod 1022 0x00000227cd371c10 code [0x00000227cd371de0, 0x00000227cd3720b8]
Event: 5.472 Thread 0x00000227e5236dd0 1013       4       sun.nio.cs.StreamDecoder::lockedRead (189 bytes)
Event: 5.498 Thread 0x00000227e08424b0 1024       2       jdk.internal.misc.Unsafe::allocateUninitializedArray (55 bytes)
Event: 5.499 Thread 0x00000227e08424b0 nmethod 1024 0x00000227cd372190 code [0x00000227cd372380, 0x00000227cd3726f8]
Event: 5.518 Thread 0x00000227e08424b0 1026       1       org.codehaus.plexus.util.xml.pull.MXParser::getEventType (5 bytes)
Event: 5.518 Thread 0x00000227e08424b0 nmethod 1026 0x00000227d4c86c90 code [0x00000227d4c86e20, 0x00000227d4c86ed8]
Event: 5.519 Thread 0x00000227e08424b0 1027       3       org.codehaus.plexus.util.xml.pull.MXParser::getName (84 bytes)
Event: 5.520 Thread 0x00000227e08424b0 nmethod 1027 0x00000227cd372890 code [0x00000227cd372a60, 0x00000227cd372e08]
Event: 5.641 Thread 0x00000227e08424b0 1032       3       org.codehaus.plexus.util.xml.pull.MXParser::ensureElementsCapacity (265 bytes)
Event: 5.644 Thread 0x00000227e08424b0 nmethod 1032 0x00000227cd372f90 code [0x00000227cd373200, 0x00000227cd3742c8]
Event: 5.648 Thread 0x00000227e08424b0 1033       3       org.codehaus.plexus.util.xml.pull.MXParser::isWhitespace (116 bytes)
Event: 5.650 Thread 0x00000227e08424b0 nmethod 1033 0x00000227cd374590 code [0x00000227cd3747c0, 0x00000227cd375068]
Event: 5.668 Thread 0x00000227e08424b0 1034       3       org.codehaus.plexus.util.xml.pull.MXParser::nextTag (82 bytes)
Event: 5.671 Thread 0x00000227e08424b0 nmethod 1034 0x00000227cd375290 code [0x00000227cd375500, 0x00000227cd375e38]
Event: 5.674 Thread 0x00000227e08424b0 1035       3       java.util.HashMap::isEmpty (13 bytes)
Event: 5.675 Thread 0x00000227e08424b0 nmethod 1035 0x00000227cd376190 code [0x00000227cd376320, 0x00000227cd376498]
Event: 5.678 Thread 0x00000227e08424b0 1036       3       org.codehaus.plexus.util.xml.pull.MXParser::newString (11 bytes)
Event: 5.679 Thread 0x00000227e08424b0 nmethod 1036 0x00000227cd376510 code [0x00000227cd3766c0, 0x00000227cd376868]
Event: 5.696 Thread 0x00000227e08424b0 1037       3       org.codehaus.plexus.util.xml.pull.MXParser::getText (125 bytes)
Event: 5.698 Thread 0x00000227e08424b0 nmethod 1037 0x00000227cd376990 code [0x00000227cd376b80, 0x00000227cd3770d8]

GC Heap History (2 events):
Event: 4.605 GC heap before
{Heap before GC invocations=0 (full 0):
 garbage-first heap   total 61440K, used 12288K [0x00000000c5400000, 0x0000000100000000)
  region size 1024K, 13 young (13312K), 0 survivors (0K)
 Metaspace       used 3817K, committed 3968K, reserved 1114112K
  class space    used 392K, committed 448K, reserved 1048576K
}
Event: 4.644 GC heap after
{Heap after GC invocations=1 (full 0):
 garbage-first heap   total 61440K, used 3088K [0x00000000c5400000, 0x0000000100000000)
  region size 1024K, 2 young (2048K), 2 survivors (2048K)
 Metaspace       used 3817K, committed 3968K, reserved 1114112K
  class space    used 392K, committed 448K, reserved 1048576K
}

Dll operation events (8 events):
Event: 0.085 Loaded shared library C:\Program Files\Java\jdk-19\bin\java.dll
Event: 0.147 Loaded shared library C:\Program Files\Java\jdk-19\bin\jsvml.dll
Event: 0.531 Loaded shared library C:\Program Files\Java\jdk-19\bin\net.dll
Event: 0.545 Loaded shared library C:\Program Files\Java\jdk-19\bin\nio.dll
Event: 0.592 Loaded shared library C:\Program Files\Java\jdk-19\bin\zip.dll
Event: 1.698 Loaded shared library C:\Program Files\Java\jdk-19\bin\jimage.dll
Event: 1.745 Loaded shared library C:\Program Files\NetBeans-16\netbeans\java\maven\lib\jansi-native\Windows\x86_64\jansi.dll
Event: 1.827 Loaded shared library C:\Program Files\Java\jdk-19\bin\verify.dll

Deoptimization events (20 events):
Event: 5.359 Thread 0x00000227c51fd700 Uncommon trap: trap_request=0xffffffde fr.pc=0x00000227d4c84eb4 relative=0x0000000000000114
Event: 5.359 Thread 0x00000227c51fd700 Uncommon trap: reason=class_check action=maybe_recompile pc=0x00000227d4c84eb4 method=jdk.internal.misc.Unsafe.allocateUninitializedArray(Ljava/lang/Class;I)Ljava/lang/Object; @ 51 c2
Event: 5.359 Thread 0x00000227c51fd700 DEOPT PACKING pc=0x00000227d4c84eb4 sp=0x0000008043ffd690
Event: 5.360 Thread 0x00000227c51fd700 DEOPT UNPACKING pc=0x00000227d4706d9d sp=0x0000008043ffd618 mode 2
Event: 5.360 Thread 0x00000227c51fd700 Uncommon trap: trap_request=0xffffffde fr.pc=0x00000227d4c84eb4 relative=0x0000000000000114
Event: 5.360 Thread 0x00000227c51fd700 Uncommon trap: reason=class_check action=maybe_recompile pc=0x00000227d4c84eb4 method=jdk.internal.misc.Unsafe.allocateUninitializedArray(Ljava/lang/Class;I)Ljava/lang/Object; @ 51 c2
Event: 5.360 Thread 0x00000227c51fd700 DEOPT PACKING pc=0x00000227d4c84eb4 sp=0x0000008043ffd730
Event: 5.360 Thread 0x00000227c51fd700 DEOPT UNPACKING pc=0x00000227d4706d9d sp=0x0000008043ffd6b8 mode 2
Event: 5.360 Thread 0x00000227c51fd700 Uncommon trap: trap_request=0xffffffde fr.pc=0x00000227d4c84eb4 relative=0x0000000000000114
Event: 5.360 Thread 0x00000227c51fd700 Uncommon trap: reason=class_check action=maybe_recompile pc=0x00000227d4c84eb4 method=jdk.internal.misc.Unsafe.allocateUninitializedArray(Ljava/lang/Class;I)Ljava/lang/Object; @ 51 c2
Event: 5.360 Thread 0x00000227c51fd700 DEOPT PACKING pc=0x00000227d4c84eb4 sp=0x0000008043ffd690
Event: 5.360 Thread 0x00000227c51fd700 DEOPT UNPACKING pc=0x00000227d4706d9d sp=0x0000008043ffd618 mode 2
Event: 5.360 Thread 0x00000227c51fd700 Uncommon trap: trap_request=0xffffffde fr.pc=0x00000227d4c84eb4 relative=0x0000000000000114
Event: 5.360 Thread 0x00000227c51fd700 Uncommon trap: reason=class_check action=maybe_recompile pc=0x00000227d4c84eb4 method=jdk.internal.misc.Unsafe.allocateUninitializedArray(Ljava/lang/Class;I)Ljava/lang/Object; @ 51 c2
Event: 5.360 Thread 0x00000227c51fd700 DEOPT PACKING pc=0x00000227d4c84eb4 sp=0x0000008043ffd730
Event: 5.360 Thread 0x00000227c51fd700 DEOPT UNPACKING pc=0x00000227d4706d9d sp=0x0000008043ffd6b8 mode 2
Event: 5.390 Thread 0x00000227c51fd700 Uncommon trap: trap_request=0xffffffde fr.pc=0x00000227d4c6f188 relative=0x0000000000000668
Event: 5.390 Thread 0x00000227c51fd700 Uncommon trap: reason=class_check action=maybe_recompile pc=0x00000227d4c6f188 method=java.util.regex.Matcher.search(I)Z @ 121 c2
Event: 5.390 Thread 0x00000227c51fd700 DEOPT PACKING pc=0x00000227d4c6f188 sp=0x0000008043ffe080
Event: 5.390 Thread 0x00000227c51fd700 DEOPT UNPACKING pc=0x00000227d4706d9d sp=0x0000008043ffe050 mode 2

Classes loaded (20 events):
Event: 5.143 Loading class sun/reflect/generics/repository/ClassRepository
Event: 5.144 Loading class sun/reflect/generics/repository/GenericDeclRepository
Event: 5.144 Loading class sun/reflect/generics/repository/AbstractRepository
Event: 5.145 Loading class sun/reflect/generics/repository/AbstractRepository done
Event: 5.145 Loading class sun/reflect/generics/repository/GenericDeclRepository done
Event: 5.145 Loading class sun/reflect/generics/repository/ClassRepository done
Event: 5.145 Loading class java/lang/reflect/TypeVariable
Event: 5.145 Loading class java/lang/reflect/TypeVariable done
Event: 5.145 Loading class sun/reflect/generics/tree/FormalTypeParameter
Event: 5.146 Loading class sun/reflect/generics/tree/FormalTypeParameter done
Event: 5.147 Loading class sun/reflect/generics/tree/ClassSignature
Event: 5.147 Loading class sun/reflect/generics/tree/Signature
Event: 5.147 Loading class sun/reflect/generics/tree/Signature done
Event: 5.147 Loading class sun/reflect/generics/tree/ClassSignature done
Event: 5.147 Loading class java/lang/reflect/WildcardType
Event: 5.148 Loading class java/lang/reflect/WildcardType done
Event: 5.159 Loading class sun/reflect/generics/tree/TypeVariableSignature
Event: 5.159 Loading class sun/reflect/generics/tree/TypeVariableSignature done
Event: 5.264 Loading class java/lang/annotation/IncompleteAnnotationException
Event: 5.264 Loading class java/lang/annotation/IncompleteAnnotationException done

Classes unloaded (0 events):
No events

Classes redefined (0 events):
No events

Internal exceptions (12 events):
Event: 1.554 Thread 0x00000227c51fd700 Exception <a 'java/lang/NoSuchMethodError'{0x00000000c8c72f78}: 'java.lang.Object java.lang.invoke.Invokers$Holder.invokeExact_MT(java.lang.Object, java.lang.Object, java.lang.Object, java.lang.Object, java.lang.Object)'> (0x00000000c8c72f78) 
thrown [s\open\src\hotspot\share\interpreter\linkResolver.cpp, line 774]
Event: 1.667 Thread 0x00000227c51fd700 Exception <a 'java/lang/NullPointerException'{0x00000000c8ccb060}> (0x00000000c8ccb060) 
thrown [s\open\src\hotspot\share\interpreter\linkResolver.cpp, line 1374]
Event: 1.755 Thread 0x00000227c51fd700 Exception <a 'java/lang/NullPointerException'{0x00000000c8cf2ec0}> (0x00000000c8cf2ec0) 
thrown [s\open\src\hotspot\share\interpreter\linkResolver.cpp, line 1374]
Event: 1.755 Thread 0x00000227c51fd700 Exception <a 'java/lang/NullPointerException'{0x00000000c8cf31a0}> (0x00000000c8cf31a0) 
thrown [s\open\src\hotspot\share\interpreter\linkResolver.cpp, line 1374]
Event: 1.757 Thread 0x00000227c51fd700 Exception <a 'java/lang/NullPointerException'{0x00000000c8cf3480}> (0x00000000c8cf3480) 
thrown [s\open\src\hotspot\share\interpreter\linkResolver.cpp, line 1374]
Event: 1.764 Thread 0x00000227c51fd700 Exception <a 'java/lang/NullPointerException'{0x00000000c8cf8288}> (0x00000000c8cf8288) 
thrown [s\open\src\hotspot\share\interpreter\linkResolver.cpp, line 1374]
Event: 1.778 Thread 0x00000227c51fd700 Exception <a 'java/lang/NullPointerException'{0x00000000c8b0b7d0}> (0x00000000c8b0b7d0) 
thrown [s\open\src\hotspot\share\interpreter\linkResolver.cpp, line 1374]
Event: 1.778 Thread 0x00000227c51fd700 Exception <a 'java/lang/NullPointerException'{0x00000000c8b0bab0}> (0x00000000c8b0bab0) 
thrown [s\open\src\hotspot\share\interpreter\linkResolver.cpp, line 1374]
Event: 1.778 Thread 0x00000227c51fd700 Exception <a 'java/lang/NullPointerException'{0x00000000c8b0bd90}> (0x00000000c8b0bd90) 
thrown [s\open\src\hotspot\share\interpreter\linkResolver.cpp, line 1374]
Event: 1.779 Thread 0x00000227c51fd700 Exception <a 'java/lang/NullPointerException'{0x00000000c8b0c070}> (0x00000000c8b0c070) 
thrown [s\open\src\hotspot\share\interpreter\linkResolver.cpp, line 1374]
Event: 4.890 Thread 0x00000227c51fd700 Exception <a 'java/lang/NoSuchMethodError'{0x00000000c8e32b28}: 'java.lang.Object java.lang.invoke.DirectMethodHandle$Holder.newInvokeSpecial(java.lang.Object, java.lang.Object, java.lang.Object, java.lang.Object, java.lang.Object)'> (0x00000000c8e32b28) 
thrown [s\open\src\hotspot\share\interpreter\linkResolver.cpp, line 774]
Event: 5.266 Thread 0x00000227c51fd700 Exception <a 'java/lang/NoClassDefFoundError'{0x00000000c8d82ce8}: javax/enterprise/inject/Typed> (0x00000000c8d82ce8) 
thrown [s\open\src\hotspot\share\classfile\systemDictionary.cpp, line 244]

VM Operations (18 events):
Event: 0.599 Executing VM operation: HandshakeAllThreads
Event: 0.600 Executing VM operation: HandshakeAllThreads done
Event: 1.605 Executing VM operation: Cleanup
Event: 1.605 Executing VM operation: Cleanup done
Event: 1.636 Executing VM operation: HandshakeAllThreads
Event: 1.636 Executing VM operation: HandshakeAllThreads done
Event: 1.719 Executing VM operation: HandshakeAllThreads
Event: 1.719 Executing VM operation: HandshakeAllThreads done
Event: 2.604 Executing VM operation: HandshakeAllThreads
Event: 2.605 Executing VM operation: HandshakeAllThreads done
Event: 3.607 Executing VM operation: Cleanup
Event: 3.607 Executing VM operation: Cleanup done
Event: 4.605 Executing VM operation: G1CollectForAllocation
Event: 4.645 Executing VM operation: G1CollectForAllocation done
Event: 4.646 Executing VM operation: HandshakeAllThreads
Event: 4.646 Executing VM operation: HandshakeAllThreads done
Event: 5.653 Executing VM operation: Cleanup
Event: 5.672 Executing VM operation: Cleanup done

Events (13 events):
Event: 0.148 Thread 0x00000227c51fd700 Thread added: 0x00000227c51fd700
Event: 0.283 Thread 0x00000227e07eff70 Thread added: 0x00000227e07eff70
Event: 0.287 Thread 0x00000227e07f3a70 Thread added: 0x00000227e07f3a70
Event: 0.289 Thread 0x00000227e07f6430 Thread added: 0x00000227e07f6430
Event: 0.289 Thread 0x00000227e07fa140 Thread added: 0x00000227e07fa140
Event: 0.290 Thread 0x00000227e07faa70 Thread added: 0x00000227e07faa70
Event: 0.290 Thread 0x00000227e07fb3a0 Thread added: 0x00000227e07fb3a0
Event: 0.290 Thread 0x00000227e07fc000 Thread added: 0x00000227e07fc000
Event: 0.294 Thread 0x00000227e08424b0 Thread added: 0x00000227e08424b0
Event: 0.301 Thread 0x00000227e0868200 Thread added: 0x00000227e0868200
Event: 0.470 Thread 0x00000227e4c63c40 Thread added: 0x00000227e4c63c40
Event: 0.496 Thread 0x00000227e4c6f250 Thread added: 0x00000227e4c6f250
Event: 5.430 Thread 0x00000227e5236dd0 Thread added: 0x00000227e5236dd0


Dynamic libraries:
0x00007ff6dfba0000 - 0x00007ff6dfbb0000 	C:\Program Files\Java\jdk-19\bin\java.exe
0x00007ff8fc050000 - 0x00007ff8fc245000 	C:\WINDOWS\SYSTEM32\ntdll.dll
0x00007ff8f9e40000 - 0x00007ff8f9efe000 	C:\WINDOWS\System32\KERNEL32.DLL
0x00007ff8f91d0000 - 0x00007ff8f9499000 	C:\WINDOWS\System32\KERNELBASE.dll
0x00007ff8f9530000 - 0x00007ff8f9630000 	C:\WINDOWS\System32\ucrtbase.dll
0x00007ff8f3f10000 - 0x00007ff8f3f28000 	C:\Program Files\Java\jdk-19\bin\jli.dll
0x00007ff8f99c0000 - 0x00007ff8f9a6c000 	C:\WINDOWS\System32\ADVAPI32.dll
0x00007ff8fb720000 - 0x00007ff8fb7be000 	C:\WINDOWS\System32\msvcrt.dll
0x00007ff8fbf70000 - 0x00007ff8fc00b000 	C:\WINDOWS\System32\sechost.dll
0x00007ff8fb5f0000 - 0x00007ff8fb71a000 	C:\WINDOWS\System32\RPCRT4.dll
0x00007ff8fa370000 - 0x00007ff8fa511000 	C:\WINDOWS\System32\USER32.dll
0x00007ff8f91a0000 - 0x00007ff8f91c2000 	C:\WINDOWS\System32\win32u.dll
0x00007ff8f9a70000 - 0x00007ff8f9a9b000 	C:\WINDOWS\System32\GDI32.dll
0x00007ff8f8fc0000 - 0x00007ff8f90cb000 	C:\WINDOWS\System32\gdi32full.dll
0x00007ff8f90d0000 - 0x00007ff8f916d000 	C:\WINDOWS\System32\msvcp_win.dll
0x00007ff8d1020000 - 0x00007ff8d103b000 	C:\Program Files\Java\jdk-19\bin\VCRUNTIME140.dll
0x00007ff8ea340000 - 0x00007ff8ea5da000 	C:\WINDOWS\WinSxS\amd64_microsoft.windows.common-controls_6595b64144ccf1df_6.0.19041.1110_none_60b5254171f9507e\COMCTL32.dll
0x00007ff8e9040000 - 0x00007ff8e904a000 	C:\WINDOWS\SYSTEM32\VERSION.dll
0x00007ff8fafd0000 - 0x00007ff8fb000000 	C:\WINDOWS\System32\IMM32.DLL
0x00007ff8f4aa0000 - 0x00007ff8f4aac000 	C:\Program Files\Java\jdk-19\bin\vcruntime140_1.dll
0x00007ff8ba5b0000 - 0x00007ff8ba63e000 	C:\Program Files\Java\jdk-19\bin\msvcp140.dll
0x00007ff8ba970000 - 0x00007ff8bb630000 	C:\Program Files\Java\jdk-19\bin\server\jvm.dll
0x00007ff8e7f40000 - 0x00007ff8e7f49000 	C:\WINDOWS\SYSTEM32\WSOCK32.dll
0x00007ff8fb7c0000 - 0x00007ff8fb82b000 	C:\WINDOWS\System32\WS2_32.dll
0x00007ff8ecd90000 - 0x00007ff8ecdb7000 	C:\WINDOWS\SYSTEM32\WINMM.dll
0x00007ff8f6cb0000 - 0x00007ff8f6cc2000 	C:\WINDOWS\SYSTEM32\kernel.appcore.dll
0x00007ff8dabe0000 - 0x00007ff8dabea000 	C:\Program Files\Java\jdk-19\bin\jimage.dll
0x00007ff8e7580000 - 0x00007ff8e7764000 	C:\WINDOWS\SYSTEM32\DBGHELP.DLL
0x00007ff8e74c0000 - 0x00007ff8e74ec000 	C:\WINDOWS\SYSTEM32\dbgcore.DLL
0x00007ff8f94a0000 - 0x00007ff8f9523000 	C:\WINDOWS\System32\bcryptPrimitives.dll
0x00007ff8ba940000 - 0x00007ff8ba966000 	C:\Program Files\Java\jdk-19\bin\java.dll
0x00007ff8ba860000 - 0x00007ff8ba937000 	C:\Program Files\Java\jdk-19\bin\jsvml.dll
0x00007ff8fb830000 - 0x00007ff8fbf6f000 	C:\WINDOWS\System32\SHELL32.dll
0x00007ff8f6eb0000 - 0x00007ff8f7640000 	C:\WINDOWS\SYSTEM32\windows.storage.dll
0x00007ff8f9f60000 - 0x00007ff8fa2b5000 	C:\WINDOWS\System32\combase.dll
0x00007ff8f87f0000 - 0x00007ff8f881c000 	C:\WINDOWS\SYSTEM32\Wldp.dll
0x00007ff8fa2c0000 - 0x00007ff8fa36d000 	C:\WINDOWS\System32\SHCORE.dll
0x00007ff8f9f00000 - 0x00007ff8f9f55000 	C:\WINDOWS\System32\shlwapi.dll
0x00007ff8f8ce0000 - 0x00007ff8f8cff000 	C:\WINDOWS\SYSTEM32\profapi.dll
0x00007ff8ba840000 - 0x00007ff8ba853000 	C:\Program Files\Java\jdk-19\bin\net.dll
0x00007ff8f1bc0000 - 0x00007ff8f1cc8000 	C:\WINDOWS\SYSTEM32\WINHTTP.dll
0x00007ff8f8550000 - 0x00007ff8f85ba000 	C:\WINDOWS\system32\mswsock.dll
0x00007ff8ba820000 - 0x00007ff8ba836000 	C:\Program Files\Java\jdk-19\bin\nio.dll
0x00007ff8ba800000 - 0x00007ff8ba818000 	C:\Program Files\Java\jdk-19\bin\zip.dll
0x0000000069ac0000 - 0x0000000069ae4000 	C:\Program Files\NetBeans-16\netbeans\java\maven\lib\jansi-native\Windows\x86_64\jansi.dll
0x00007ff8ba7f0000 - 0x00007ff8ba800000 	C:\Program Files\Java\jdk-19\bin\verify.dll

dbghelp: loaded successfully - version: 4.0.5 - missing functions: none
symbol engine: initialized successfully - sym options: 0x614 - pdb path: .;C:\Program Files\Java\jdk-19\bin;C:\WINDOWS\SYSTEM32;C:\WINDOWS\WinSxS\amd64_microsoft.windows.common-controls_6595b64144ccf1df_6.0.19041.1110_none_60b5254171f9507e;C:\Program Files\Java\jdk-19\bin\server;C:\Program Files\NetBeans-16\netbeans\java\maven\lib\jansi-native\Windows\x86_64

VM Arguments:
jvm_args: -Dclassworlds.conf=C:\Program Files\NetBeans-16\netbeans\java\maven\bin\m2.conf -Dmaven.home=C:\Program Files\NetBeans-16\netbeans\java\maven -Dlibrary.jansi.path=C:\Program Files\NetBeans-16\netbeans\java\maven\lib\jansi-native -Dmaven.multiModuleProjectDirectory=D:\FPT Polytechnic\SOF2041\LAB_PROJECT\Polypro 
java_command: org.codehaus.plexus.classworlds.launcher.Launcher -Dexec.vmArgs= -Dexec.args=${exec.vmArgs} -classpath %classpath ${exec.mainClass} ${exec.appArgs} -Dexec.executable=C:\Program Files\Java\jdk-19\bin\java.exe -Dexec.mainClass=com.mycompany.frame.QLHocVienJDialog -Dexec.classpathScope=runtime -Dexec.appArgs= -Dmaven.ext.class.path=C:\Program Files\NetBeans-16\netbeans\java\maven-nblib\netbeans-eventspy.jar org.codehaus.mojo:exec-maven-plugin:3.0.0:exec
java_class_path (initial): C:\Program Files\NetBeans-16\netbeans\java\maven\boot\plexus-classworlds-2.6.0.jar
Launcher Type: SUN_STANDARD

[Global flags]
     intx CICompilerCount                          = 3                                         {product} {ergonomic}
     uint ConcGCThreads                            = 1                                         {product} {ergonomic}
     uint G1ConcRefinementThreads                  = 4                                         {product} {ergonomic}
   size_t G1HeapRegionSize                         = 1048576                                   {product} {ergonomic}
    uintx GCDrainStackTargetSize                   = 64                                        {product} {ergonomic}
   size_t InitialHeapSize                          = 62914560                                  {product} {ergonomic}
   size_t MarkStackSize                            = 4194304                                   {product} {ergonomic}
   size_t MaxHeapSize                              = 985661440                                 {product} {ergonomic}
   size_t MaxNewSize                               = 591396864                                 {product} {ergonomic}
   size_t MinHeapDeltaBytes                        = 1048576                                   {product} {ergonomic}
   size_t MinHeapSize                              = 8388608                                   {product} {ergonomic}
    uintx NonNMethodCodeHeapSize                   = 5832780                                {pd product} {ergonomic}
    uintx NonProfiledCodeHeapSize                  = 122912730                              {pd product} {ergonomic}
    uintx ProfiledCodeHeapSize                     = 122912730                              {pd product} {ergonomic}
    uintx ReservedCodeCacheSize                    = 251658240                              {pd product} {ergonomic}
     bool SegmentedCodeCache                       = true                                      {product} {ergonomic}
   size_t SoftMaxHeapSize                          = 985661440                              {manageable} {ergonomic}
     bool UseCompressedClassPointers               = true                           {product lp64_product} {ergonomic}
     bool UseCompressedOops                        = true                           {product lp64_product} {ergonomic}
     bool UseG1GC                                  = true                                      {product} {ergonomic}
     bool UseLargePagesIndividualAllocation        = false                                  {pd product} {ergonomic}

Logging:
Log output configuration:
 #0: stdout all=warning uptime,level,tags foldmultilines=false
 #1: stderr all=off uptime,level,tags foldmultilines=false

Environment Variables:
JAVA_HOME=C:\Program Files\Java\jdk-19
PATH=C:\Program Files\Common Files\Oracle\Java\javapath;C:\Program Files (x86)\Common Files\Oracle\Java\javapath;C:\WINDOWS\system32;C:\WINDOWS;C:\WINDOWS\System32\Wbem;C:\WINDOWS\System32\WindowsPowerShell\v1.0\;C:\WINDOWS\System32\OpenSSH\;C:\Program Files (x86)\Microsoft SQL Server\160\Tools\Binn\;C:\Program Files\Microsoft SQL Server\160\Tools\Binn\;C:\Program Files\Microsoft SQL Server\Client SDK\ODBC\170\Tools\Binn\;C:\Program Files\Microsoft SQL Server\160\DTS\Binn\;C:\Program Files (x86)\Microsoft SQL Server\160\DTS\Binn\;C:\Program Files\Azure Data Studio\bin;D:\Program Files\Git\cmd;C:\Program Files\MySQL\MySQL Shell 8.0\bin\;C:\Users\Administrator\AppData\Local\Microsoft\WindowsApps;;C:\Users\Administrator\AppData\Local\Programs\Microsoft VS Code\bin;C:\Program Files\Azure Data Studio\bin
USERNAME=Administrator
OS=Windows_NT
PROCESSOR_IDENTIFIER=Intel64 Family 6 Model 37 Stepping 5, GenuineIntel
TMP=C:\Users\ADMINI~1\AppData\Local\Temp
TEMP=C:\Users\ADMINI~1\AppData\Local\Temp



---------------  S Y S T E M  ---------------

OS:
 Windows 10 , 64 bit Build 19041 (10.0.19041.1202)
OS uptime: 0 days 3:19 hours

CPU: total 4 (initial active 4) (2 cores per cpu, 2 threads per core) family 6 model 37 stepping 5 microcode 0x7, cx8, cmov, fxsr, ht, mmx, sse, sse2, sse3, ssse3, sse4.1, sse4.2, popcnt, tsc, tscinvbit, clflush, rdtscp

Memory: 4k page, system-wide physical 3758M (397M free)
TotalPageFile size 8315M (AvailPageFile size 5M)
current process WorkingSet (physical memory assigned to process): 68M, peak: 70M
current process commit charge ("private bytes"): 150M, peak: 152M

vm_info: Java HotSpot(TM) 64-Bit Server VM (19.0.1+10-21) for windows-amd64 JRE (19.0.1+10-21), built on 2022-09-14T12:45:06Z by "mach5one" with MS VC++ 17.1 (VS2022)

END.
