#
# There is insufficient memory for the Java Runtime Environment to continue.
# Native memory allocation (mmap) failed to map 62914560 bytes for G1 virtual space
# Possible reasons:
#   The system is out of physical RAM or swap space
#   The process is running with CompressedOops enabled, and the Java Heap may be blocking the growth of the native heap
# Possible solutions:
#   Reduce memory load on the system
#   Increase physical memory or swap space
#   Check if swap backing store is full
#   Decrease Java heap size (-Xmx/-Xms)
#   Decrease number of Java threads
#   Decrease Java thread stack sizes (-Xss)
#   Set larger code cache with -XX:ReservedCodeCacheSize=
#   JVM is running with Unscaled Compressed Oops mode in which the Java heap is
#     placed in the first 4GB address space. The Java Heap base address is the
#     maximum limit for the native heap growth. Please use -XX:HeapBaseMinAddress
#     to set the Java Heap base and to place the Java Heap above 4GB virtual address.
# This output file may be truncated or incomplete.
#
#  Out of Memory Error (os_windows.cpp:3527), pid=11360, tid=11116
#
# JRE version:  (19.0.1+10) (build )
# Java VM: Java HotSpot(TM) 64-Bit Server VM (19.0.1+10-21, mixed mode, sharing, tiered, compressed oops, compressed class ptrs, g1 gc, windows-amd64)
# No core dump will be written. Minidumps are not enabled by default on client versions of Windows
#

---------------  S U M M A R Y ------------

Command Line: com.mycompany.polypro.ChaoJFrame

Host: Intel(R) Core(TM) i3 CPU       M 370  @ 2.40GHz, 4 cores, 3G,  Windows 10 , 64 bit Build 19041 (10.0.19041.1202)
Time: Thu Sep 14 20:18:58 2023 SE Asia Standard Time elapsed time: 0.023900 seconds (0d 0h 0m 0s)

---------------  T H R E A D  ---------------

Current thread (0x000001d13e4ceea0):  JavaThread "Unknown thread" [_thread_in_vm, id=11116, stack(0x00000086c9900000,0x00000086c9a00000)]

Stack: [0x00000086c9900000,0x00000086c9a00000]
Native frames: (J=compiled Java code, j=interpreted, Vv=VM code, C=native code)
V  [jvm.dll+0x6ee8fa]
V  [jvm.dll+0x857a1e]
V  [jvm.dll+0x85940e]
V  [jvm.dll+0x859ac3]
V  [jvm.dll+0x28291f]
V  [jvm.dll+0x6eb6e9]
V  [jvm.dll+0x6e028a]
V  [jvm.dll+0x357136]
V  [jvm.dll+0x35eb96]
V  [jvm.dll+0x3b555e]
V  [jvm.dll+0x3b578f]
V  [jvm.dll+0x32c6ea]
V  [jvm.dll+0x32d59e]
V  [jvm.dll+0x821b20]
V  [jvm.dll+0x3c27c1]
V  [jvm.dll+0x8022f1]
V  [jvm.dll+0x44b30f]
V  [jvm.dll+0x44cc91]
C  [jli.dll+0x5287]
C  [ucrtbase.dll+0x21bb2]
C  [KERNEL32.DLL+0x17034]
C  [ntdll.dll+0x52651]


---------------  P R O C E S S  ---------------

Threads class SMR info:
_java_thread_list=0x00007ffd3945d048, length=0, elements={
}

Java Threads: ( => current thread )

Other Threads:
  0x000001d13e50c150 WorkerThread "GC Thread#0" [stack: 0x00000086c9a00000,0x00000086c9b00000] [id=10656]
  0x000001d13e5147d0 ConcurrentGCThread "G1 Main Marker" [stack: 0x00000086c9b00000,0x00000086c9c00000] [id=10400]
  0x000001d13e5159a0 WorkerThread "G1 Conc#0" [stack: 0x00000086c9c00000,0x00000086c9d00000] [id=5472]

[error occurred during error reporting (printing all threads), id 0xc0000005, EXCEPTION_ACCESS_VIOLATION (0xc0000005) at pc=0x00007ffd38c1d127]

VM state: not at safepoint (not fully initialized)

VM Mutex/Monitor currently owned by a thread:  ([mutex/lock_event])
[0x000001d13e4c8a70] Heap_lock - owner thread: 0x000001d13e4ceea0

Heap address: 0x00000000c5400000, size: 940 MB, Compressed Oops mode: 32-bit

CDS archive(s) mapped at: [0x0000000000000000-0x0000000000000000-0x0000000000000000), size 0, SharedBaseAddress: 0x0000000800000000, ArchiveRelocationMode: 0.
Narrow klass base: 0x0000000000000000, Narrow klass shift: 0, Narrow klass range: 0x0

GC Precious Log:
 CardTable entry size: 512
 Card Set container configuration: InlinePtr #cards 5 size 8 Array Of Cards #cards 12 size 40 Howl #buckets 4 coarsen threshold 1843 Howl Bitmap #cards 512 size 80 coarsen threshold 460 Card regions per heap region 1 cards per card region 2048

Heap:
 garbage-first heap   total 0K, used 0K [0x00000000c5400000, 0x0000000100000000)
  region size 1024K, 0 young (0K), 0 survivors (0K)

[error occurred during error reporting (printing heap information), id 0xc0000005, EXCEPTION_ACCESS_VIOLATION (0xc0000005) at pc=0x00007ffd39026959]

GC Heap History (0 events):
No events

Dll operation events (1 events):
Event: 0.017 Loaded shared library C:\Program Files\Java\jdk-19\bin\java.dll

Deoptimization events (0 events):
No events

Classes loaded (0 events):
No events

Classes unloaded (0 events):
No events

Classes redefined (0 events):
No events

Internal exceptions (0 events):
No events

VM Operations (0 events):
No events

Events (0 events):
No events


Dynamic libraries:
0x00007ff664380000 - 0x00007ff664390000 	C:\Program Files\Java\jdk-19\bin\java.exe
0x00007ffd799b0000 - 0x00007ffd79ba5000 	C:\WINDOWS\SYSTEM32\ntdll.dll
0x00007ffd77080000 - 0x00007ffd7713e000 	C:\WINDOWS\System32\KERNEL32.DLL
0x00007ffd76d60000 - 0x00007ffd77029000 	C:\WINDOWS\System32\KERNELBASE.dll
0x00007ffd76730000 - 0x00007ffd76830000 	C:\WINDOWS\System32\ucrtbase.dll
0x00007ffd39920000 - 0x00007ffd3993b000 	C:\Program Files\Java\jdk-19\bin\VCRUNTIME140.dll
0x00007ffd72280000 - 0x00007ffd72298000 	C:\Program Files\Java\jdk-19\bin\jli.dll
0x00007ffd771b0000 - 0x00007ffd7725c000 	C:\WINDOWS\System32\ADVAPI32.dll
0x00007ffd787c0000 - 0x00007ffd7885e000 	C:\WINDOWS\System32\msvcrt.dll
0x00007ffd792a0000 - 0x00007ffd7933b000 	C:\WINDOWS\System32\sechost.dll
0x00007ffd78690000 - 0x00007ffd787ba000 	C:\WINDOWS\System32\RPCRT4.dll
0x00007ffd79070000 - 0x00007ffd79211000 	C:\WINDOWS\System32\USER32.dll
0x00007ffd76d30000 - 0x00007ffd76d52000 	C:\WINDOWS\System32\win32u.dll
0x00007ffd78080000 - 0x00007ffd780ab000 	C:\WINDOWS\System32\GDI32.dll
0x00007ffd76830000 - 0x00007ffd7693b000 	C:\WINDOWS\System32\gdi32full.dll
0x00007ffd685f0000 - 0x00007ffd6888a000 	C:\WINDOWS\WinSxS\amd64_microsoft.windows.common-controls_6595b64144ccf1df_6.0.19041.1110_none_60b5254171f9507e\COMCTL32.dll
0x00007ffd769f0000 - 0x00007ffd76a8d000 	C:\WINDOWS\System32\msvcp_win.dll
0x00007ffd66a30000 - 0x00007ffd66a3a000 	C:\WINDOWS\SYSTEM32\VERSION.dll
0x00007ffd79340000 - 0x00007ffd79370000 	C:\WINDOWS\System32\IMM32.DLL
0x00007ffd58d20000 - 0x00007ffd58d2c000 	C:\Program Files\Java\jdk-19\bin\vcruntime140_1.dll
0x00007ffd37ea0000 - 0x00007ffd37f2e000 	C:\Program Files\Java\jdk-19\bin\msvcp140.dll
0x00007ffd388e0000 - 0x00007ffd395a0000 	C:\Program Files\Java\jdk-19\bin\server\jvm.dll
0x00007ffd65080000 - 0x00007ffd65089000 	C:\WINDOWS\SYSTEM32\WSOCK32.dll
0x00007ffd6a700000 - 0x00007ffd6a727000 	C:\WINDOWS\SYSTEM32\WINMM.dll
0x00007ffd78b10000 - 0x00007ffd78b7b000 	C:\WINDOWS\System32\WS2_32.dll
0x00007ffd74610000 - 0x00007ffd74622000 	C:\WINDOWS\SYSTEM32\kernel.appcore.dll
0x00007ffd441d0000 - 0x00007ffd441da000 	C:\Program Files\Java\jdk-19\bin\jimage.dll
0x00007ffd644c0000 - 0x00007ffd646a4000 	C:\WINDOWS\SYSTEM32\DBGHELP.DLL
0x00007ffd64390000 - 0x00007ffd643bc000 	C:\WINDOWS\SYSTEM32\dbgcore.DLL
0x00007ffd76bf0000 - 0x00007ffd76c73000 	C:\WINDOWS\System32\bcryptPrimitives.dll
0x00007ffd398b0000 - 0x00007ffd398d6000 	C:\Program Files\Java\jdk-19\bin\java.dll

dbghelp: loaded successfully - version: 4.0.5 - missing functions: none
symbol engine: initialized successfully - sym options: 0x614 - pdb path: .;C:\Program Files\Java\jdk-19\bin;C:\WINDOWS\SYSTEM32;C:\WINDOWS\WinSxS\amd64_microsoft.windows.common-controls_6595b64144ccf1df_6.0.19041.1110_none_60b5254171f9507e;C:\Program Files\Java\jdk-19\bin\server

VM Arguments:
java_command: com.mycompany.polypro.ChaoJFrame
java_class_path (initial): D:\FPT Polytechnic\SOF204\LAB_PROJECT\Polypro\target\classes
Launcher Type: SUN_STANDARD

[Global flags]
     intx CICompilerCount                          = 3                                         {product} {ergonomic}
     uint ConcGCThreads                            = 1                                         {product} {ergonomic}
     uint G1ConcRefinementThreads                  = 4                                         {product} {ergonomic}
   size_t G1HeapRegionSize                         = 1048576                                   {product} {ergonomic}
    uintx GCDrainStackTargetSize                   = 64                                        {product} {ergonomic}
   size_t InitialHeapSize                          = 62914560                                  {product} {ergonomic}
   size_t MarkStackSize                            = 4194304                                   {product} {ergonomic}
   size_t MaxHeapSize                              = 985661440                                 {product} {ergonomic}
   size_t MinHeapDeltaBytes                        = 1048576                                   {product} {ergonomic}
   size_t MinHeapSize                              = 8388608                                   {product} {ergonomic}
    uintx NonNMethodCodeHeapSize                   = 5832780                                {pd product} {ergonomic}
    uintx NonProfiledCodeHeapSize                  = 122912730                              {pd product} {ergonomic}
    uintx ProfiledCodeHeapSize                     = 122912730                              {pd product} {ergonomic}
    uintx ReservedCodeCacheSize                    = 251658240                              {pd product} {ergonomic}
     bool SegmentedCodeCache                       = true                                      {product} {ergonomic}
   size_t SoftMaxHeapSize                          = 985661440                              {manageable} {ergonomic}
     bool UseCompressedClassPointers               = true                           {product lp64_product} {ergonomic}
     bool UseCompressedOops                        = true                           {product lp64_product} {ergonomic}
     bool UseG1GC                                  = true                                      {product} {ergonomic}
     bool UseLargePagesIndividualAllocation        = false                                  {pd product} {ergonomic}

Logging:
Log output configuration:
 #0: stdout all=warning uptime,level,tags foldmultilines=false
 #1: stderr all=off uptime,level,tags foldmultilines=false

Environment Variables:
JAVA_HOME=C:\Program Files\Java\jdk-19
PATH=C:\Program Files\Common Files\Oracle\Java\javapath;C:\Program Files (x86)\Common Files\Oracle\Java\javapath;C:\WINDOWS\system32;C:\WINDOWS;C:\WINDOWS\System32\Wbem;C:\WINDOWS\System32\WindowsPowerShell\v1.0\;C:\WINDOWS\System32\OpenSSH\;C:\Program Files (x86)\Microsoft SQL Server\160\Tools\Binn\;C:\Program Files\Microsoft SQL Server\160\Tools\Binn\;C:\Program Files\Microsoft SQL Server\Client SDK\ODBC\170\Tools\Binn\;C:\Program Files\Microsoft SQL Server\160\DTS\Binn\;C:\Program Files (x86)\Microsoft SQL Server\160\DTS\Binn\;C:\Program Files\Azure Data Studio\bin;D:\Program Files\Git\cmd;C:\Program Files\MySQL\MySQL Shell 8.0\bin\;C:\Users\Administrator\AppData\Local\Microsoft\WindowsApps;;C:\Users\Administrator\AppData\Local\Programs\Microsoft VS Code\bin;C:\Program Files\Azure Data Studio\bin
USERNAME=Administrator
OS=Windows_NT
PROCESSOR_IDENTIFIER=Intel64 Family 6 Model 37 Stepping 5, GenuineIntel
TMP=C:\Users\ADMINI~1\AppData\Local\Temp
TEMP=C:\Users\ADMINI~1\AppData\Local\Temp



---------------  S Y S T E M  ---------------

OS:
 Windows 10 , 64 bit Build 19041 (10.0.19041.1202)
OS uptime: 0 days 2:02 hours

CPU: total 4 (initial active 4) (2 cores per cpu, 2 threads per core) family 6 model 37 stepping 5 microcode 0x7, cx8, cmov, fxsr, ht, mmx, sse, sse2, sse3, ssse3, sse4.1, sse4.2, popcnt, tsc, tscinvbit, clflush, rdtscp

Memory: 4k page, system-wide physical 3758M (205M free)
TotalPageFile size 8315M (AvailPageFile size 30M)
current process WorkingSet (physical memory assigned to process): 10M, peak: 10M
current process commit charge ("private bytes"): 51M, peak: 111M

vm_info: Java HotSpot(TM) 64-Bit Server VM (19.0.1+10-21) for windows-amd64 JRE (19.0.1+10-21), built on 2022-09-14T12:45:06Z by "mach5one" with MS VC++ 17.1 (VS2022)

END.
